Server running on port 5000
2025-01-21T04:39:50.984Z - POST /api/users/login
2025-01-21T04:40:07.920Z - POST /api/users/register
2025-01-21T04:40:19.992Z - POST /api/users/login
2025-01-21T04:40:27.412Z - DELETE /api/users/cleanup/test@example.com
2025-01-21T04:40:27.544Z - POST /api/users/register
2025-01-21T04:40:28.299Z - POST /api/users/login
2025-01-21T04:40:28.892Z - GET /api/users
2025-01-21T04:40:29.193Z - GET /api/users/17
2025-01-21T04:40:29.341Z - PUT /api/users/17
2025-01-21T04:40:29.489Z - GET /api/users/17
2025-01-21T04:40:29.652Z - DELETE /api/users/17
2025-01-21T04:40:29.781Z - GET /api/users/17
Server running on port 5000
2025-01-21T05:23:10.575Z - POST /api/missions
2025-01-21T05:23:31.496Z - POST /api/missions
2025-01-21T05:24:11.887Z - POST /api/users
2025-01-21T05:24:27.146Z - POST /api/users/register
2025-01-21T05:24:35.798Z - POST /api/users/register
2025-01-21T05:24:43.772Z - POST /api/missions
2025-01-21T05:25:09.129Z - POST /api/missions
2025-01-21T05:25:44.361Z - POST /api/missions
2025-01-21T05:26:33.803Z - POST /api/missions
2025-01-21T05:27:08.256Z - POST /api/missions
2025-01-21T05:27:41.471Z - POST /api/missions
2025-01-21T05:28:19.962Z - POST /api/missions
2025-01-21T05:29:10.437Z - POST /api/missions
2025-01-21T05:37:24.601Z - POST /api/missions
2025-01-21T05:37:58.550Z - POST /api/missions
2025-01-21T05:38:42.835Z - POST /api/missions
2025-01-21T05:39:18.268Z - POST /api/missions
2025-01-21T05:39:51.179Z - POST /api/missions
2025-01-21T05:40:17.080Z - POST /api/users/register
2025-01-21T05:40:36.470Z - POST /api/users/register
2025-01-21T05:40:47.726Z - POST /api/missions
Server running on port 5000
2025-01-21T05:42:10.723Z - POST /api/missions
2025-01-21T05:43:53.028Z - PUT /api/missions/1
2025-01-21T05:44:00.315Z - DELETE /api/missions/1
2025-01-21T05:45:58.723Z - DELETE /api/users/cleanup/test@example.com
2025-01-21T05:45:59.019Z - POST /api/users/register
2025-01-21T05:45:59.692Z - POST /api/users/login
2025-01-21T05:46:00.451Z - GET /api/users
2025-01-21T05:46:00.616Z - GET /api/users/2
2025-01-21T05:46:00.778Z - PUT /api/users/2
2025-01-21T05:46:00.949Z - GET /api/users/2
2025-01-21T05:46:01.085Z - DELETE /api/users/2
2025-01-21T05:46:01.220Z - GET /api/users/2
2025-01-21T05:46:01.369Z - POST /api/missions
2025-01-21T05:46:35.862Z - DELETE /api/users/cleanup/test@example.com
2025-01-21T05:46:36.025Z - POST /api/users/register
2025-01-21T05:46:36.862Z - POST /api/users/login
2025-01-21T05:46:37.538Z - GET /api/users
2025-01-21T05:46:37.720Z - GET /api/users/3
2025-01-21T05:46:37.898Z - PUT /api/users/3
2025-01-21T05:46:38.085Z - GET /api/users/3
2025-01-21T05:46:38.220Z - GET /api/users/3
2025-01-21T05:46:38.355Z - POST /api/missions
2025-01-21T05:46:39.003Z - GET /api/missions
2025-01-21T05:46:39.144Z - GET /api/missions/2
2025-01-21T05:46:39.282Z - PUT /api/missions/2
2025-01-21T05:46:39.455Z - GET /api/missions/2
2025-01-21T05:46:39.630Z - DELETE /api/missions/2
2025-01-21T05:46:39.798Z - GET /api/missions/2
Server running on port 5000
2025-01-21T13:09:22.570Z - POST /api/users/register
2025-01-21T13:10:15.395Z - POST /api/users/register
2025-01-21T13:12:48.332Z - POST /api/users/register
2025-01-21T13:14:50.978Z - POST /api/users/register
2025-01-21T13:17:26.650Z - POST /api/users/register
2025-01-21T13:20:09.358Z - POST /api/users/login
2025-01-21T13:22:39.292Z - POST /api/missions
2025-01-21T13:24:07.292Z - POST /api/missions
2025-01-21T13:25:52.612Z - POST /api/missions/3/participants
Server running on port 5000
2025-01-21T13:31:40.619Z - POST /api/missions/3/participants
2025-01-21T13:34:09.722Z - POST /api/missions/3/participants
2025-01-21T13:35:21.904Z - GET /api/missions/3/participants
2025-01-21T14:41:30.939Z - POST /api/users/login
2025-01-21T14:41:46.394Z - GET /api/missions-with-participants
2025-01-21T14:41:53.509Z - GET /api/missions/missions-with-participants
2025-01-21T14:42:02.326Z - GET /api/missions-with-participants
2025-01-21T14:42:11.305Z - GET /api/missions/missions-with-participants
Server running on port 5000
2025-01-21T14:42:36.810Z - GET /api/missions/with-participants
Server running on port 5000
2025-01-21T14:43:04.151Z - GET /api/missions/with-participants
Server running on port 5000
2025-01-21T14:44:29.764Z - GET /api/missions/with-participants
Server running on port 5000
2025-01-21T14:52:27.788Z - GET /api/missions/with-participants
Server running on port 5000
2025-01-21T14:56:12.629Z - GET /api/missions/with-participants
Server running on port 5000
2025-01-22T02:59:30.532Z - POST /api/users/register
2025-01-22T02:59:30.827Z - POST /api/users/register
2025-01-22T02:59:31.040Z - POST /api/users/register
2025-01-22T02:59:31.430Z - POST /api/users/login
2025-01-22T02:59:31.745Z - POST /api/missions
2025-01-22T02:59:32.180Z - POST /api/users/find
2025-01-22T02:59:32.389Z - POST /api/users/find
2025-01-22T02:59:32.575Z - ERROR: SyntaxError: Unexpected token ',', ...","userId":,"createdB"... is not valid JSON
    at JSON.parse (<anonymous>)
    at parse (/Users/jimmybrake/Documents/wSuccess/mission-planner/backend/node_modules/body-parser/lib/types/json.js:92:19)
    at /Users/jimmybrake/Documents/wSuccess/mission-planner/backend/node_modules/body-parser/lib/read.js:128:18
    at AsyncResource.runInAsyncScope (node:async_hooks:211:14)
    at invokeCallback (/Users/jimmybrake/Documents/wSuccess/mission-planner/backend/node_modules/raw-body/index.js:238:16)
    at done (/Users/jimmybrake/Documents/wSuccess/mission-planner/backend/node_modules/raw-body/index.js:227:7)
    at IncomingMessage.onEnd (/Users/jimmybrake/Documents/wSuccess/mission-planner/backend/node_modules/raw-body/index.js:287:7)
    at IncomingMessage.emit (node:events:513:28)
    at endReadableNT (node:internal/streams/readable:1696:12)
    at process.processTicksAndRejections (node:internal/process/task_queues:90:21)
2025-01-22T02:59:32.745Z - ERROR: SyntaxError: Unexpected token ',', ...","userId":,"createdB"... is not valid JSON
    at JSON.parse (<anonymous>)
    at parse (/Users/jimmybrake/Documents/wSuccess/mission-planner/backend/node_modules/body-parser/lib/types/json.js:92:19)
    at /Users/jimmybrake/Documents/wSuccess/mission-planner/backend/node_modules/body-parser/lib/read.js:128:18
    at AsyncResource.runInAsyncScope (node:async_hooks:211:14)
    at invokeCallback (/Users/jimmybrake/Documents/wSuccess/mission-planner/backend/node_modules/raw-body/index.js:238:16)
    at done (/Users/jimmybrake/Documents/wSuccess/mission-planner/backend/node_modules/raw-body/index.js:227:7)
    at IncomingMessage.onEnd (/Users/jimmybrake/Documents/wSuccess/mission-planner/backend/node_modules/raw-body/index.js:287:7)
    at IncomingMessage.emit (node:events:513:28)
    at endReadableNT (node:internal/streams/readable:1696:12)
    at process.processTicksAndRejections (node:internal/process/task_queues:90:21)
2025-01-22T02:59:32.922Z - GET /api/missions/4/participants
2025-01-22T02:59:33.136Z - GET /api/missions/with-participants
2025-01-22T02:59:33.430Z - DELETE /api/missions/4
2025-01-22T02:59:33.615Z - DELETE /api/users
2025-01-22T02:59:33.797Z - DELETE /api/users
2025-01-22T02:59:33.934Z - DELETE /api/users
2025-01-22T03:00:38.383Z - POST /api/users/register
2025-01-22T03:00:38.580Z - POST /api/users/register
2025-01-22T03:00:38.732Z - POST /api/users/register
2025-01-22T03:00:38.915Z - POST /api/users/login
2025-01-22T03:00:39.163Z - POST /api/missions
2025-01-22T03:00:39.627Z - POST /api/users/find
2025-01-22T03:00:39.821Z - POST /api/users/find
2025-01-22T03:00:39.994Z - ERROR: SyntaxError: Unexpected token ',', ...","userId":,"createdB"... is not valid JSON
    at JSON.parse (<anonymous>)
    at parse (/Users/jimmybrake/Documents/wSuccess/mission-planner/backend/node_modules/body-parser/lib/types/json.js:92:19)
    at /Users/jimmybrake/Documents/wSuccess/mission-planner/backend/node_modules/body-parser/lib/read.js:128:18
    at AsyncResource.runInAsyncScope (node:async_hooks:211:14)
    at invokeCallback (/Users/jimmybrake/Documents/wSuccess/mission-planner/backend/node_modules/raw-body/index.js:238:16)
    at done (/Users/jimmybrake/Documents/wSuccess/mission-planner/backend/node_modules/raw-body/index.js:227:7)
    at IncomingMessage.onEnd (/Users/jimmybrake/Documents/wSuccess/mission-planner/backend/node_modules/raw-body/index.js:287:7)
    at IncomingMessage.emit (node:events:513:28)
    at endReadableNT (node:internal/streams/readable:1696:12)
    at process.processTicksAndRejections (node:internal/process/task_queues:90:21)
2025-01-22T03:00:40.142Z - ERROR: SyntaxError: Unexpected token ',', ...","userId":,"createdB"... is not valid JSON
    at JSON.parse (<anonymous>)
    at parse (/Users/jimmybrake/Documents/wSuccess/mission-planner/backend/node_modules/body-parser/lib/types/json.js:92:19)
    at /Users/jimmybrake/Documents/wSuccess/mission-planner/backend/node_modules/body-parser/lib/read.js:128:18
    at AsyncResource.runInAsyncScope (node:async_hooks:211:14)
    at invokeCallback (/Users/jimmybrake/Documents/wSuccess/mission-planner/backend/node_modules/raw-body/index.js:238:16)
    at done (/Users/jimmybrake/Documents/wSuccess/mission-planner/backend/node_modules/raw-body/index.js:227:7)
    at IncomingMessage.onEnd (/Users/jimmybrake/Documents/wSuccess/mission-planner/backend/node_modules/raw-body/index.js:287:7)
    at IncomingMessage.emit (node:events:513:28)
    at endReadableNT (node:internal/streams/readable:1696:12)
    at process.processTicksAndRejections (node:internal/process/task_queues:90:21)
2025-01-22T03:00:40.308Z - GET /api/missions/5/participants
2025-01-22T03:00:40.521Z - GET /api/missions/with-participants
2025-01-22T03:00:40.880Z - DELETE /api/missions/5
2025-01-22T03:00:41.064Z - DELETE /api/users/delete
2025-01-22T03:00:41.288Z - DELETE /api/users/delete
2025-01-22T03:00:41.465Z - DELETE /api/users/delete
2025-01-22T03:02:15.878Z - POST /api/users/login
2025-01-22T03:02:16.105Z - DELETE /api/missions/5
2025-01-22T03:02:16.239Z - DELETE /api/users
2025-01-22T03:02:16.476Z - DELETE /api/users
2025-01-22T03:02:16.607Z - DELETE /api/users
2025-01-22T03:02:16.778Z - POST /api/users/register
2025-01-22T03:02:16.961Z - POST /api/users/register
2025-01-22T03:02:17.197Z - POST /api/users/register
2025-01-22T03:02:17.385Z - POST /api/users/login
2025-01-22T03:02:17.854Z - POST /api/missions
2025-01-22T03:02:18.273Z - POST /api/users/find
2025-01-22T03:02:18.432Z - POST /api/users/find
2025-01-22T03:02:18.605Z - ERROR: SyntaxError: Unexpected token ',', ...","userId":,"createdB"... is not valid JSON
    at JSON.parse (<anonymous>)
    at parse (/Users/jimmybrake/Documents/wSuccess/mission-planner/backend/node_modules/body-parser/lib/types/json.js:92:19)
    at /Users/jimmybrake/Documents/wSuccess/mission-planner/backend/node_modules/body-parser/lib/read.js:128:18
    at AsyncResource.runInAsyncScope (node:async_hooks:211:14)
    at invokeCallback (/Users/jimmybrake/Documents/wSuccess/mission-planner/backend/node_modules/raw-body/index.js:238:16)
    at done (/Users/jimmybrake/Documents/wSuccess/mission-planner/backend/node_modules/raw-body/index.js:227:7)
    at IncomingMessage.onEnd (/Users/jimmybrake/Documents/wSuccess/mission-planner/backend/node_modules/raw-body/index.js:287:7)
    at IncomingMessage.emit (node:events:513:28)
    at endReadableNT (node:internal/streams/readable:1696:12)
    at process.processTicksAndRejections (node:internal/process/task_queues:90:21)
2025-01-22T03:02:18.767Z - ERROR: SyntaxError: Unexpected token ',', ...","userId":,"createdB"... is not valid JSON
    at JSON.parse (<anonymous>)
    at parse (/Users/jimmybrake/Documents/wSuccess/mission-planner/backend/node_modules/body-parser/lib/types/json.js:92:19)
    at /Users/jimmybrake/Documents/wSuccess/mission-planner/backend/node_modules/body-parser/lib/read.js:128:18
    at AsyncResource.runInAsyncScope (node:async_hooks:211:14)
    at invokeCallback (/Users/jimmybrake/Documents/wSuccess/mission-planner/backend/node_modules/raw-body/index.js:238:16)
    at done (/Users/jimmybrake/Documents/wSuccess/mission-planner/backend/node_modules/raw-body/index.js:227:7)
    at IncomingMessage.onEnd (/Users/jimmybrake/Documents/wSuccess/mission-planner/backend/node_modules/raw-body/index.js:287:7)
    at IncomingMessage.emit (node:events:513:28)
    at endReadableNT (node:internal/streams/readable:1696:12)
    at process.processTicksAndRejections (node:internal/process/task_queues:90:21)
2025-01-22T03:02:18.931Z - GET /api/missions/6/participants
2025-01-22T03:02:19.112Z - GET /api/missions/with-participants
2025-01-22T03:02:19.280Z - DELETE /api/missions/6
2025-01-22T03:02:19.453Z - DELETE /api/users
2025-01-22T03:02:19.610Z - DELETE /api/users
2025-01-22T03:02:19.768Z - DELETE /api/users
2025-01-22T03:03:04.850Z - POST /api/users/login
2025-01-22T03:03:05.146Z - DELETE /api/missions/5
2025-01-22T03:03:05.276Z - DELETE /api/users
2025-01-22T03:03:05.422Z - DELETE /api/users
2025-01-22T03:03:05.638Z - DELETE /api/users
2025-01-22T03:03:05.796Z - POST /api/users/register
2025-01-22T03:03:05.985Z - POST /api/users/register
2025-01-22T03:03:06.161Z - POST /api/users/register
2025-01-22T03:03:06.498Z - POST /api/users/login
2025-01-22T03:03:06.769Z - POST /api/missions
2025-01-22T03:03:07.332Z - POST /api/users/find
2025-01-22T03:03:07.598Z - POST /api/users/find
2025-01-22T03:03:07.796Z - ERROR: SyntaxError: Unexpected token ',', ...","userId":,"createdB"... is not valid JSON
    at JSON.parse (<anonymous>)
    at parse (/Users/jimmybrake/Documents/wSuccess/mission-planner/backend/node_modules/body-parser/lib/types/json.js:92:19)
    at /Users/jimmybrake/Documents/wSuccess/mission-planner/backend/node_modules/body-parser/lib/read.js:128:18
    at AsyncResource.runInAsyncScope (node:async_hooks:211:14)
    at invokeCallback (/Users/jimmybrake/Documents/wSuccess/mission-planner/backend/node_modules/raw-body/index.js:238:16)
    at done (/Users/jimmybrake/Documents/wSuccess/mission-planner/backend/node_modules/raw-body/index.js:227:7)
    at IncomingMessage.onEnd (/Users/jimmybrake/Documents/wSuccess/mission-planner/backend/node_modules/raw-body/index.js:287:7)
    at IncomingMessage.emit (node:events:513:28)
    at endReadableNT (node:internal/streams/readable:1696:12)
    at process.processTicksAndRejections (node:internal/process/task_queues:90:21)
2025-01-22T03:03:08.014Z - ERROR: SyntaxError: Unexpected token ',', ...","userId":,"createdB"... is not valid JSON
    at JSON.parse (<anonymous>)
    at parse (/Users/jimmybrake/Documents/wSuccess/mission-planner/backend/node_modules/body-parser/lib/types/json.js:92:19)
    at /Users/jimmybrake/Documents/wSuccess/mission-planner/backend/node_modules/body-parser/lib/read.js:128:18
    at AsyncResource.runInAsyncScope (node:async_hooks:211:14)
    at invokeCallback (/Users/jimmybrake/Documents/wSuccess/mission-planner/backend/node_modules/raw-body/index.js:238:16)
    at done (/Users/jimmybrake/Documents/wSuccess/mission-planner/backend/node_modules/raw-body/index.js:227:7)
    at IncomingMessage.onEnd (/Users/jimmybrake/Documents/wSuccess/mission-planner/backend/node_modules/raw-body/index.js:287:7)
    at IncomingMessage.emit (node:events:513:28)
    at endReadableNT (node:internal/streams/readable:1696:12)
    at process.processTicksAndRejections (node:internal/process/task_queues:90:21)
2025-01-22T03:03:08.184Z - GET /api/missions/7/participants
2025-01-22T03:03:08.374Z - GET /api/missions/with-participants
2025-01-22T03:03:08.528Z - DELETE /api/missions/7
2025-01-22T03:03:08.700Z - DELETE /api/users
2025-01-22T03:03:08.855Z - DELETE /api/users
2025-01-22T03:03:09.013Z - DELETE /api/users
2025-01-22T03:04:01.927Z - POST /api/users/login
2025-01-22T03:04:02.294Z - DELETE /api/missions/5
2025-01-22T03:04:02.450Z - DELETE /api/users
2025-01-22T03:04:02.667Z - DELETE /api/users
2025-01-22T03:04:02.950Z - DELETE /api/users
2025-01-22T03:04:03.168Z - POST /api/users/register
2025-01-22T03:04:03.516Z - POST /api/users/register
2025-01-22T03:04:03.844Z - POST /api/users/register
2025-01-22T03:04:04.115Z - POST /api/users/login
2025-01-22T03:04:04.491Z - POST /api/missions
2025-01-22T03:04:05.152Z - POST /api/users/find
2025-01-22T03:04:05.505Z - POST /api/users/find
2025-01-22T03:04:05.759Z - ERROR: SyntaxError: Unexpected token ',', ...","userId":,"createdB"... is not valid JSON
    at JSON.parse (<anonymous>)
    at parse (/Users/jimmybrake/Documents/wSuccess/mission-planner/backend/node_modules/body-parser/lib/types/json.js:92:19)
    at /Users/jimmybrake/Documents/wSuccess/mission-planner/backend/node_modules/body-parser/lib/read.js:128:18
    at AsyncResource.runInAsyncScope (node:async_hooks:211:14)
    at invokeCallback (/Users/jimmybrake/Documents/wSuccess/mission-planner/backend/node_modules/raw-body/index.js:238:16)
    at done (/Users/jimmybrake/Documents/wSuccess/mission-planner/backend/node_modules/raw-body/index.js:227:7)
    at IncomingMessage.onEnd (/Users/jimmybrake/Documents/wSuccess/mission-planner/backend/node_modules/raw-body/index.js:287:7)
    at IncomingMessage.emit (node:events:513:28)
    at endReadableNT (node:internal/streams/readable:1696:12)
    at process.processTicksAndRejections (node:internal/process/task_queues:90:21)
2025-01-22T03:04:06.000Z - ERROR: SyntaxError: Unexpected token ',', ...","userId":,"createdB"... is not valid JSON
    at JSON.parse (<anonymous>)
    at parse (/Users/jimmybrake/Documents/wSuccess/mission-planner/backend/node_modules/body-parser/lib/types/json.js:92:19)
    at /Users/jimmybrake/Documents/wSuccess/mission-planner/backend/node_modules/body-parser/lib/read.js:128:18
    at AsyncResource.runInAsyncScope (node:async_hooks:211:14)
    at invokeCallback (/Users/jimmybrake/Documents/wSuccess/mission-planner/backend/node_modules/raw-body/index.js:238:16)
    at done (/Users/jimmybrake/Documents/wSuccess/mission-planner/backend/node_modules/raw-body/index.js:227:7)
    at IncomingMessage.onEnd (/Users/jimmybrake/Documents/wSuccess/mission-planner/backend/node_modules/raw-body/index.js:287:7)
    at IncomingMessage.emit (node:events:513:28)
    at endReadableNT (node:internal/streams/readable:1696:12)
    at process.processTicksAndRejections (node:internal/process/task_queues:90:21)
2025-01-22T03:04:06.302Z - GET /api/missions/8/participants
2025-01-22T03:04:06.580Z - GET /api/missions/with-participants
2025-01-22T03:04:06.948Z - DELETE /api/missions/8
2025-01-22T03:04:07.290Z - DELETE /api/users
2025-01-22T03:04:07.569Z - DELETE /api/users
2025-01-22T03:04:07.829Z - DELETE /api/users
2025-01-22T03:05:01.573Z - POST /api/users/login
2025-01-22T03:05:02.024Z - DELETE /api/missions/5
2025-01-22T03:05:02.297Z - DELETE /api/users
2025-01-22T03:05:02.505Z - DELETE /api/users
2025-01-22T03:05:02.741Z - DELETE /api/users
2025-01-22T03:05:02.932Z - POST /api/users/register
2025-01-22T03:05:03.270Z - POST /api/users/register
2025-01-22T03:05:03.462Z - POST /api/users/register
2025-01-22T03:05:03.648Z - POST /api/users/login
2025-01-22T03:05:03.965Z - POST /api/missions
2025-01-22T03:05:04.370Z - POST /api/users/find
2025-01-22T03:05:04.590Z - POST /api/users/find
2025-01-22T03:05:04.938Z - ERROR: SyntaxError: Unexpected token ',', ...","userId":,"createdB"... is not valid JSON
    at JSON.parse (<anonymous>)
    at parse (/Users/jimmybrake/Documents/wSuccess/mission-planner/backend/node_modules/body-parser/lib/types/json.js:92:19)
    at /Users/jimmybrake/Documents/wSuccess/mission-planner/backend/node_modules/body-parser/lib/read.js:128:18
    at AsyncResource.runInAsyncScope (node:async_hooks:211:14)
    at invokeCallback (/Users/jimmybrake/Documents/wSuccess/mission-planner/backend/node_modules/raw-body/index.js:238:16)
    at done (/Users/jimmybrake/Documents/wSuccess/mission-planner/backend/node_modules/raw-body/index.js:227:7)
    at IncomingMessage.onEnd (/Users/jimmybrake/Documents/wSuccess/mission-planner/backend/node_modules/raw-body/index.js:287:7)
    at IncomingMessage.emit (node:events:513:28)
    at endReadableNT (node:internal/streams/readable:1696:12)
    at process.processTicksAndRejections (node:internal/process/task_queues:90:21)
2025-01-22T03:05:05.465Z - ERROR: SyntaxError: Unexpected token ',', ...","userId":,"createdB"... is not valid JSON
    at JSON.parse (<anonymous>)
    at parse (/Users/jimmybrake/Documents/wSuccess/mission-planner/backend/node_modules/body-parser/lib/types/json.js:92:19)
    at /Users/jimmybrake/Documents/wSuccess/mission-planner/backend/node_modules/body-parser/lib/read.js:128:18
    at AsyncResource.runInAsyncScope (node:async_hooks:211:14)
    at invokeCallback (/Users/jimmybrake/Documents/wSuccess/mission-planner/backend/node_modules/raw-body/index.js:238:16)
    at done (/Users/jimmybrake/Documents/wSuccess/mission-planner/backend/node_modules/raw-body/index.js:227:7)
    at IncomingMessage.onEnd (/Users/jimmybrake/Documents/wSuccess/mission-planner/backend/node_modules/raw-body/index.js:287:7)
    at IncomingMessage.emit (node:events:513:28)
    at endReadableNT (node:internal/streams/readable:1696:12)
    at process.processTicksAndRejections (node:internal/process/task_queues:90:21)
2025-01-22T03:05:05.826Z - GET /api/missions/9/participants
2025-01-22T03:05:06.035Z - GET /api/missions/with-participants
2025-01-22T03:05:06.252Z - DELETE /api/missions/9
2025-01-22T03:05:06.499Z - DELETE /api/users
2025-01-22T03:05:06.721Z - DELETE /api/users
2025-01-22T03:05:06.981Z - DELETE /api/users
2025-01-22T03:05:48.971Z - POST /api/users/login
2025-01-22T03:05:49.304Z - DELETE /api/missions/5
2025-01-22T03:05:49.455Z - DELETE /api/users
2025-01-22T03:05:49.670Z - DELETE /api/users
2025-01-22T03:05:49.980Z - DELETE /api/users
2025-01-22T03:05:50.206Z - POST /api/users/register
2025-01-22T03:05:50.448Z - POST /api/users/register
2025-01-22T03:05:50.658Z - POST /api/users/register
2025-01-22T03:05:50.864Z - POST /api/users/login
2025-01-22T03:05:51.256Z - POST /api/missions
2025-01-22T03:05:51.783Z - POST /api/users/find
2025-01-22T03:05:52.168Z - POST /api/users/find
2025-01-22T03:05:52.541Z - ERROR: SyntaxError: Unexpected token ',', ...","userId":,"createdB"... is not valid JSON
    at JSON.parse (<anonymous>)
    at parse (/Users/jimmybrake/Documents/wSuccess/mission-planner/backend/node_modules/body-parser/lib/types/json.js:92:19)
    at /Users/jimmybrake/Documents/wSuccess/mission-planner/backend/node_modules/body-parser/lib/read.js:128:18
    at AsyncResource.runInAsyncScope (node:async_hooks:211:14)
    at invokeCallback (/Users/jimmybrake/Documents/wSuccess/mission-planner/backend/node_modules/raw-body/index.js:238:16)
    at done (/Users/jimmybrake/Documents/wSuccess/mission-planner/backend/node_modules/raw-body/index.js:227:7)
    at IncomingMessage.onEnd (/Users/jimmybrake/Documents/wSuccess/mission-planner/backend/node_modules/raw-body/index.js:287:7)
    at IncomingMessage.emit (node:events:513:28)
    at endReadableNT (node:internal/streams/readable:1696:12)
    at process.processTicksAndRejections (node:internal/process/task_queues:90:21)
2025-01-22T03:05:52.873Z - ERROR: SyntaxError: Unexpected token ',', ...","userId":,"createdB"... is not valid JSON
    at JSON.parse (<anonymous>)
    at parse (/Users/jimmybrake/Documents/wSuccess/mission-planner/backend/node_modules/body-parser/lib/types/json.js:92:19)
    at /Users/jimmybrake/Documents/wSuccess/mission-planner/backend/node_modules/body-parser/lib/read.js:128:18
    at AsyncResource.runInAsyncScope (node:async_hooks:211:14)
    at invokeCallback (/Users/jimmybrake/Documents/wSuccess/mission-planner/backend/node_modules/raw-body/index.js:238:16)
    at done (/Users/jimmybrake/Documents/wSuccess/mission-planner/backend/node_modules/raw-body/index.js:227:7)
    at IncomingMessage.onEnd (/Users/jimmybrake/Documents/wSuccess/mission-planner/backend/node_modules/raw-body/index.js:287:7)
    at IncomingMessage.emit (node:events:513:28)
    at endReadableNT (node:internal/streams/readable:1696:12)
    at process.processTicksAndRejections (node:internal/process/task_queues:90:21)
2025-01-22T03:05:53.160Z - GET /api/missions/10/participants
2025-01-22T03:05:53.717Z - GET /api/missions/with-participants
2025-01-22T03:05:54.181Z - DELETE /api/missions/10
2025-01-22T03:05:54.573Z - DELETE /api/users
2025-01-22T03:05:54.837Z - DELETE /api/users
2025-01-22T03:05:55.106Z - DELETE /api/users
Server running on port 5000
Server running on port 5000
2025-01-22T03:12:50.167Z - POST /api/users/login
2025-01-22T03:12:50.552Z - DELETE /api/missions/5
2025-01-22T03:12:50.687Z - DELETE /api/users
2025-01-22T03:12:50.844Z - DELETE /api/users
2025-01-22T03:12:51.168Z - DELETE /api/users
2025-01-22T03:12:51.357Z - POST /api/users/register
2025-01-22T03:12:51.652Z - POST /api/users/register
2025-01-22T03:12:51.877Z - POST /api/users/register
2025-01-22T03:12:52.073Z - POST /api/users/login
2025-01-22T03:12:52.350Z - POST /api/missions
2025-01-22T03:12:53.056Z - POST /api/users/find
2025-01-22T03:12:53.239Z - POST /api/users/find
2025-01-22T03:12:53.414Z - ERROR: SyntaxError: Unexpected token ',', ...","userId":,"createdB"... is not valid JSON
    at JSON.parse (<anonymous>)
    at parse (/Users/jimmybrake/Documents/wSuccess/mission-planner/backend/node_modules/body-parser/lib/types/json.js:92:19)
    at /Users/jimmybrake/Documents/wSuccess/mission-planner/backend/node_modules/body-parser/lib/read.js:128:18
    at AsyncResource.runInAsyncScope (node:async_hooks:211:14)
    at invokeCallback (/Users/jimmybrake/Documents/wSuccess/mission-planner/backend/node_modules/raw-body/index.js:238:16)
    at done (/Users/jimmybrake/Documents/wSuccess/mission-planner/backend/node_modules/raw-body/index.js:227:7)
    at IncomingMessage.onEnd (/Users/jimmybrake/Documents/wSuccess/mission-planner/backend/node_modules/raw-body/index.js:287:7)
    at IncomingMessage.emit (node:events:513:28)
    at endReadableNT (node:internal/streams/readable:1696:12)
    at process.processTicksAndRejections (node:internal/process/task_queues:90:21)
2025-01-22T03:12:53.644Z - ERROR: SyntaxError: Unexpected token ',', ...","userId":,"createdB"... is not valid JSON
    at JSON.parse (<anonymous>)
    at parse (/Users/jimmybrake/Documents/wSuccess/mission-planner/backend/node_modules/body-parser/lib/types/json.js:92:19)
    at /Users/jimmybrake/Documents/wSuccess/mission-planner/backend/node_modules/body-parser/lib/read.js:128:18
    at AsyncResource.runInAsyncScope (node:async_hooks:211:14)
    at invokeCallback (/Users/jimmybrake/Documents/wSuccess/mission-planner/backend/node_modules/raw-body/index.js:238:16)
    at done (/Users/jimmybrake/Documents/wSuccess/mission-planner/backend/node_modules/raw-body/index.js:227:7)
    at IncomingMessage.onEnd (/Users/jimmybrake/Documents/wSuccess/mission-planner/backend/node_modules/raw-body/index.js:287:7)
    at IncomingMessage.emit (node:events:513:28)
    at endReadableNT (node:internal/streams/readable:1696:12)
    at process.processTicksAndRejections (node:internal/process/task_queues:90:21)
2025-01-22T03:12:53.835Z - GET /api/missions/11/participants
2025-01-22T03:12:54.069Z - GET /api/missions/with-participants
2025-01-22T03:12:54.298Z - DELETE /api/missions/11
2025-01-22T03:12:54.500Z - DELETE /api/users
2025-01-22T03:12:54.731Z - DELETE /api/users
2025-01-22T03:12:54.919Z - DELETE /api/users
2025-01-22T03:13:46.475Z - POST /api/users/login
2025-01-22T03:13:46.717Z - DELETE /api/missions/5
2025-01-22T03:13:46.853Z - DELETE /api/users
2025-01-22T03:13:47.035Z - DELETE /api/users
2025-01-22T03:13:47.203Z - DELETE /api/users
2025-01-22T03:13:47.367Z - POST /api/users/register
2025-01-22T03:13:47.535Z - POST /api/users/register
2025-01-22T03:13:47.803Z - POST /api/users/register
2025-01-22T03:13:48.031Z - POST /api/users/login
2025-01-22T03:13:48.489Z - POST /api/missions
2025-01-22T03:13:48.919Z - POST /api/users/find
2025-01-22T03:13:49.086Z - POST /api/users/find
2025-01-22T03:13:49.263Z - POST /api/missions/12/participants
2025-01-22T03:13:49.431Z - POST /api/missions/12/participants
2025-01-22T03:13:49.597Z - GET /api/missions/12/participants
2025-01-22T03:13:49.769Z - GET /api/missions/with-participants
2025-01-22T03:13:49.964Z - DELETE /api/missions/12
2025-01-22T03:13:50.131Z - DELETE /api/users
2025-01-22T03:13:50.311Z - DELETE /api/users
2025-01-22T03:13:50.474Z - DELETE /api/users
2025-01-22T03:14:38.385Z - POST /api/users/login
2025-01-22T03:14:38.714Z - DELETE /api/missions/5
2025-01-22T03:14:38.866Z - DELETE /api/users
2025-01-22T03:14:39.177Z - DELETE /api/users
2025-01-22T03:14:39.371Z - DELETE /api/users
2025-01-22T03:14:39.589Z - POST /api/users/register
2025-01-22T03:14:39.840Z - POST /api/users/register
2025-01-22T03:14:40.082Z - POST /api/users/register
2025-01-22T03:14:40.298Z - POST /api/users/login
2025-01-22T03:14:40.598Z - POST /api/missions
2025-01-22T03:14:40.957Z - POST /api/users/find
Server running on port 5000
Server running on port 5000
Server running on port 5000
Server running on port 5000
2025-01-22T03:16:47.556Z - POST /api/users/login
2025-01-22T03:16:48.155Z - DELETE /api/missions/5
2025-01-22T03:16:48.440Z - DELETE /api/users
2025-01-22T03:16:48.809Z - DELETE /api/users
2025-01-22T03:16:49.250Z - DELETE /api/users
2025-01-22T03:16:49.725Z - POST /api/users/register
2025-01-22T03:16:50.271Z - POST /api/users/register
2025-01-22T03:16:50.616Z - POST /api/users/register
2025-01-22T03:16:50.940Z - POST /api/users/login
2025-01-22T03:16:51.389Z - POST /api/missions
2025-01-22T03:16:52.071Z - POST /api/users/find
2025-01-22T03:16:52.420Z - POST /api/users/find
2025-01-22T03:16:52.805Z - POST /api/missions/14/participants
2025-01-22T03:16:53.320Z - POST /api/missions/14/participants
2025-01-22T03:16:53.694Z - GET /api/missions/14/participants
2025-01-22T03:16:54.168Z - GET /api/missions/with-participants
2025-01-22T03:16:54.505Z - DELETE /api/missions/14
2025-01-22T03:16:54.886Z - DELETE /api/users
2025-01-22T03:16:55.184Z - DELETE /api/users
2025-01-22T03:16:55.485Z - DELETE /api/users
2025-01-22T03:34:31.652Z - POST /api/users/login
2025-01-22T03:34:32.010Z - DELETE /api/missions/5
2025-01-22T03:34:32.221Z - DELETE /api/users
2025-01-22T03:34:32.438Z - DELETE /api/users
2025-01-22T03:34:32.666Z - DELETE /api/users
2025-01-22T03:34:32.914Z - POST /api/users/register
2025-01-22T03:34:33.209Z - POST /api/users/register
2025-01-22T03:34:33.526Z - POST /api/users/register
2025-01-22T03:34:33.799Z - POST /api/users/login
2025-01-22T03:34:34.216Z - POST /api/missions
2025-01-22T03:34:34.663Z - POST /api/users/find
2025-01-22T03:34:34.835Z - POST /api/users/find
2025-01-22T03:34:35.017Z - POST /api/missions/15/participants
2025-01-22T03:34:35.241Z - POST /api/missions/15/participants
2025-01-22T03:34:35.446Z - GET /api/missions/15/participants
2025-01-22T03:34:35.635Z - GET /api/missions/with-participants
2025-01-22T03:34:35.828Z - DELETE /api/missions/15
2025-01-22T03:34:36.011Z - DELETE /api/users
2025-01-22T03:34:36.184Z - DELETE /api/users
2025-01-22T03:34:36.361Z - DELETE /api/users
2025-01-22T06:03:39.512Z - POST /api/users/login
2025-01-22T06:06:20.320Z - POST /api/users/login
2025-01-22T06:06:20.529Z - DELETE /api/missions/5
2025-01-22T06:06:20.664Z - POST /api/users/register
2025-01-22T06:06:20.799Z - POST /api/users/register
2025-01-22T06:06:20.911Z - POST /api/users/register
2025-01-22T06:06:21.148Z - POST /api/users/login
2025-01-22T06:06:21.378Z - POST /api/missions
2025-01-22T06:06:21.676Z - POST /api/users/find
2025-01-22T06:06:21.817Z - POST /api/users/find
2025-01-22T06:06:21.973Z - POST /api/missions/16/participants
2025-01-22T06:06:22.146Z - POST /api/missions/16/participants
2025-01-22T06:06:22.419Z - GET /api/missions/16/participants
2025-01-22T06:06:22.575Z - GET /api/missions/with-participants
2025-01-22T06:06:22.707Z - DELETE /api/missions/16
2025-01-22T06:06:22.864Z - DELETE /api/users
2025-01-22T06:06:22.990Z - DELETE /api/users
2025-01-22T06:06:23.108Z - DELETE /api/users
2025-01-22T06:07:20.791Z - POST /api/users/login
2025-01-22T06:07:21.060Z - DELETE /api/missions/5
2025-01-22T06:07:21.303Z - POST /api/users/register
2025-01-22T06:07:21.458Z - POST /api/users/register
2025-01-22T06:07:21.709Z - POST /api/users/register
2025-01-22T06:07:21.906Z - POST /api/users/login
2025-01-22T06:07:22.206Z - POST /api/missions
2025-01-22T06:07:22.590Z - POST /api/users/find
2025-01-22T06:07:22.739Z - POST /api/users/find
2025-01-22T06:07:22.890Z - POST /api/missions/17/participants
2025-01-22T06:07:23.020Z - POST /api/missions/17/participants
2025-01-22T06:07:23.300Z - GET /api/missions/17/participants
2025-01-22T06:07:23.464Z - GET /api/missions/with-participants
2025-01-22T06:07:23.590Z - DELETE /api/missions/17
2025-01-22T06:07:23.734Z - DELETE /api/users
2025-01-22T06:07:23.855Z - DELETE /api/users
2025-01-22T06:07:23.970Z - DELETE /api/users
Server running on port 5000
Server running on port 5000
2025-01-22T06:31:53.643Z - POST /api/users
2025-01-22T06:32:09.450Z - POST /register
2025-01-22T06:32:24.977Z - GET /api/users/
2025-01-22T06:32:49.293Z - POST /api/missions/
2025-01-22T06:33:18.362Z - GET /api/missions/18/participants
Server running on port 5000
Server running on port 5000
Server running on port 5000
Server running on port 5000
Server running on port 5000
Server running on port 5000
Server running on port 5000
Server running on port 5000
Server running on port 5000
Server running on port 5000
Server running on port 5000
Server running on port 5000
Server running on port 5000
Server running on port 5000
Server running on port 5000
Server running on port 5000
Server running on port 5000
2025-01-22T14:47:04.249Z - POST /api/mission-factors
2025-01-22T14:57:14.975Z - POST /api/users/register
2025-01-22T14:57:25.276Z - POST /api/users/login
Server running on port 5000
2025-01-22T15:54:51.451Z - POST /api/users/login
Server running on port 5000
2025-01-22T22:16:20.140Z - POST /api/users/login
2025-01-22T22:16:30.481Z - POST /api/missions
2025-01-22T22:16:41.259Z - POST /api/missions
2025-01-22T22:16:52.141Z - POST /api/mission-factors
2025-01-22T22:17:03.369Z - GET /api/mission-factors/1
Server running on port 5000
2025-01-22T22:38:15.892Z - GET /api/mission-factors/factor/1
2025-01-22T22:38:27.119Z - PUT /api/mission-factors/1
2025-01-22T22:38:36.665Z - GET /api/mission-factors/factor/1
2025-01-22T22:38:47.310Z - DELETE /api/mission-factors/1
2025-01-22T22:38:57.790Z - GET /api/mission-factors/factor/1
2025-01-23T02:45:49.736Z - POST /api/users/login
2025-01-23T02:45:49.965Z - DELETE /api/missions/5
2025-01-23T02:45:50.088Z - POST /api/users/register
2025-01-23T02:45:50.263Z - POST /api/users/register
2025-01-23T02:45:50.536Z - POST /api/users/register
2025-01-23T02:45:50.685Z - POST /api/users/login
2025-01-23T02:45:50.930Z - POST /api/missions
2025-01-23T02:45:51.397Z - POST /api/users/find
2025-01-23T02:45:51.548Z - POST /api/users/find
2025-01-23T02:45:51.681Z - POST /api/missions/20/participants
2025-01-23T02:45:51.837Z - POST /api/missions/20/participants
2025-01-23T02:45:51.996Z - GET /api/missions/20/participants
2025-01-23T02:45:52.146Z - GET /api/missions/with-participants
2025-01-23T02:45:52.467Z - POST /api/mission-factors
2025-01-23T02:45:52.712Z - GET /api/mission-factors/factor/2
2025-01-23T02:45:52.843Z - PUT /api/mission-factors/2
2025-01-23T02:45:53.010Z - GET /api/mission-factors/factor/2
2025-01-23T02:45:53.140Z - DELETE /api/mission-factors/2
2025-01-23T02:45:53.322Z - GET /api/mission-factors/factor/2
2025-01-23T02:45:53.490Z - DELETE /api/missions/20
2025-01-23T02:45:53.649Z - DELETE /api/users
2025-01-23T02:45:53.806Z - DELETE /api/users
2025-01-23T02:45:53.968Z - DELETE /api/users
2025-01-23T03:36:09.005Z - POST /api/users
2025-01-23T03:36:09.424Z - ERROR: SyntaxError: Unexpected token '}', ..."edBy": 
  }" is not valid JSON
    at JSON.parse (<anonymous>)
    at parse (/Users/jimmybrake/Documents/wSuccess/mission-planner/backend/node_modules/body-parser/lib/types/json.js:92:19)
    at /Users/jimmybrake/Documents/wSuccess/mission-planner/backend/node_modules/body-parser/lib/read.js:128:18
    at AsyncResource.runInAsyncScope (node:async_hooks:211:14)
    at invokeCallback (/Users/jimmybrake/Documents/wSuccess/mission-planner/backend/node_modules/raw-body/index.js:238:16)
    at done (/Users/jimmybrake/Documents/wSuccess/mission-planner/backend/node_modules/raw-body/index.js:227:7)
    at IncomingMessage.onEnd (/Users/jimmybrake/Documents/wSuccess/mission-planner/backend/node_modules/raw-body/index.js:287:7)
    at IncomingMessage.emit (node:events:513:28)
    at endReadableNT (node:internal/streams/readable:1696:12)
    at process.processTicksAndRejections (node:internal/process/task_queues:90:21)
2025-01-23T03:36:09.951Z - ERROR: SyntaxError: Unexpected token '}', ..."edBy": 
  }" is not valid JSON
    at JSON.parse (<anonymous>)
    at parse (/Users/jimmybrake/Documents/wSuccess/mission-planner/backend/node_modules/body-parser/lib/types/json.js:92:19)
    at /Users/jimmybrake/Documents/wSuccess/mission-planner/backend/node_modules/body-parser/lib/read.js:128:18
    at AsyncResource.runInAsyncScope (node:async_hooks:211:14)
    at invokeCallback (/Users/jimmybrake/Documents/wSuccess/mission-planner/backend/node_modules/raw-body/index.js:238:16)
    at done (/Users/jimmybrake/Documents/wSuccess/mission-planner/backend/node_modules/raw-body/index.js:227:7)
    at IncomingMessage.onEnd (/Users/jimmybrake/Documents/wSuccess/mission-planner/backend/node_modules/raw-body/index.js:287:7)
    at IncomingMessage.emit (node:events:513:28)
    at endReadableNT (node:internal/streams/readable:1696:12)
    at process.processTicksAndRejections (node:internal/process/task_queues:90:21)
2025-01-23T03:36:10.296Z - POST /api/likes
2025-01-23T03:36:10.634Z - GET /api/likes/factor/null
2025-01-23T03:36:10.852Z - DELETE /api/likes/
2025-01-23T03:36:11.056Z - GET /api/likes/factor/null
2025-01-23T03:36:11.254Z - DELETE /api/users/
2025-01-23T03:38:38.181Z - POST /api/users/register
2025-01-23T03:38:38.982Z - POST /api/users/login
2025-01-23T03:38:39.427Z - POST /api/missions
2025-01-23T03:38:39.979Z - POST /api/mission-factors
2025-01-23T03:38:40.333Z - POST /api/likes
2025-01-23T03:38:40.675Z - GET /api/likes/factor/null
2025-01-23T03:38:41.013Z - DELETE /api/likes/
2025-01-23T03:38:41.194Z - GET /api/likes/factor/null
2025-01-23T03:38:41.429Z - DELETE /api/users/10
Server running on port 5000
2025-01-23T03:58:31.482Z - POST /api/users/login
2025-01-23T03:58:32.074Z - ERROR: SyntaxError: Unexpected token '}', ..."edBy": 
  }" is not valid JSON
    at JSON.parse (<anonymous>)
    at parse (/Users/jimmybrake/Documents/wSuccess/mission-planner/backend/node_modules/body-parser/lib/types/json.js:92:19)
    at /Users/jimmybrake/Documents/wSuccess/mission-planner/backend/node_modules/body-parser/lib/read.js:128:18
    at AsyncResource.runInAsyncScope (node:async_hooks:211:14)
    at invokeCallback (/Users/jimmybrake/Documents/wSuccess/mission-planner/backend/node_modules/raw-body/index.js:238:16)
    at done (/Users/jimmybrake/Documents/wSuccess/mission-planner/backend/node_modules/raw-body/index.js:227:7)
    at IncomingMessage.onEnd (/Users/jimmybrake/Documents/wSuccess/mission-planner/backend/node_modules/raw-body/index.js:287:7)
    at IncomingMessage.emit (node:events:513:28)
    at endReadableNT (node:internal/streams/readable:1696:12)
    at process.processTicksAndRejections (node:internal/process/task_queues:90:21)
2025-01-23T03:58:32.675Z - ERROR: SyntaxError: Unexpected token '}', ..."edBy": 
  }" is not valid JSON
    at JSON.parse (<anonymous>)
    at parse (/Users/jimmybrake/Documents/wSuccess/mission-planner/backend/node_modules/body-parser/lib/types/json.js:92:19)
    at /Users/jimmybrake/Documents/wSuccess/mission-planner/backend/node_modules/body-parser/lib/read.js:128:18
    at AsyncResource.runInAsyncScope (node:async_hooks:211:14)
    at invokeCallback (/Users/jimmybrake/Documents/wSuccess/mission-planner/backend/node_modules/raw-body/index.js:238:16)
    at done (/Users/jimmybrake/Documents/wSuccess/mission-planner/backend/node_modules/raw-body/index.js:227:7)
    at IncomingMessage.onEnd (/Users/jimmybrake/Documents/wSuccess/mission-planner/backend/node_modules/raw-body/index.js:287:7)
    at IncomingMessage.emit (node:events:513:28)
    at endReadableNT (node:internal/streams/readable:1696:12)
    at process.processTicksAndRejections (node:internal/process/task_queues:90:21)
2025-01-23T03:58:33.044Z - POST /api/likes
2025-01-23T03:58:33.664Z - GET /api/likes/factor/null
2025-01-23T03:58:33.864Z - DELETE /api/likes/null
2025-01-23T03:58:34.093Z - GET /api/likes/factor/null
2025-01-23T03:58:34.273Z - DELETE /api/users/
Server running on port 5000
2025-01-23T03:59:25.150Z - DELETE /api/users/
Server running on port 5000
2025-01-23T04:01:25.386Z - POST /api/users/register
2025-01-23T04:01:26.341Z - POST /api/users/login
2025-01-23T04:01:26.794Z - POST /api/missions
2025-01-23T04:01:27.112Z - POST /api/mission-factors
2025-01-23T04:01:27.545Z - POST /api/likes
2025-01-23T04:01:27.898Z - GET /api/likes/factor/null
2025-01-23T04:01:28.078Z - DELETE /api/likes/null
2025-01-23T04:01:28.258Z - GET /api/likes/factor/null
2025-01-23T04:01:28.446Z - DELETE /api/users/11
Server running on port 5000
2025-01-23T04:02:44.472Z - DELETE /api/users/
Server running on port 5000
2025-01-23T04:03:40.958Z - POST /api/users/register
2025-01-23T04:03:41.634Z - POST /api/users/login
2025-01-23T04:03:42.081Z - POST /api/missions
2025-01-23T04:03:42.542Z - POST /api/mission-factors
2025-01-23T04:03:42.875Z - POST /api/likes
2025-01-23T04:03:43.212Z - GET /api/likes/factor/null
2025-01-23T04:03:43.383Z - DELETE /api/likes/null
2025-01-23T04:03:43.563Z - GET /api/likes/factor/null
2025-01-23T04:03:43.758Z - DELETE /api/users/12
Server running on port 5000
Server running on port 5000
Server running on port 5000
